<?xml version="1.0" encoding="UTF-8"?>
<!-- Generated by org.testng.reporters.JUnitXMLReporter -->
<testsuite ignored="0" hostname="JAMUNA-NAGARAJ" failures="0" tests="6" name="Test_chrome" time="168.504" errors="0" timestamp="2025-03-21T20:52:39 IST">
  <testcase classname="contactTest.createContactWithCampaign" name="createContactWithCampaignTest" time="49.325"/>
  <testcase classname="LoginTest.Login" name="loginTest" time="15.562"/>
  <testcase classname="CampaignTest.CreateCampaign" name="createCampaignWIthMandatoryFieldsTest" time="22.934"/>
  <testcase classname="CampaignTest.CreateCampaign" name="createCampaignWithAllFieldsTest" time="27.231"/>
  <testcase classname="CampaignTest.CreateCampaign" name="createCampaignWithCloseDateTest" time="24.334"/>
  <testcase classname="ProductTest.createProduct" name="createProductTest" time="28.975"/>
</testsuite> <!-- Test_chrome -->
