<?xml version="1.0" encoding="UTF-8"?>
<!-- Generated by org.testng.reporters.JUnitXMLReporter -->
<testsuite ignored="0" hostname="JAMUNA-NAGARAJ" failures="0" tests="6" name="Test_firefox" time="205.95" errors="0" timestamp="2025-03-21T20:53:17 IST">
  <testcase classname="contactTest.createContactWithCampaign" name="createContactWithCampaignTest" time="64.02"/>
  <testcase classname="LoginTest.Login" name="loginTest" time="28.017"/>
  <testcase classname="CampaignTest.CreateCampaign" name="createCampaignWIthMandatoryFieldsTest" time="33.583"/>
  <testcase classname="CampaignTest.CreateCampaign" name="createCampaignWithAllFieldsTest" time="31.554"/>
  <testcase classname="CampaignTest.CreateCampaign" name="createCampaignWithCloseDateTest" time="19.978"/>
  <testcase classname="ProductTest.createProduct" name="createProductTest" time="28.678"/>
</testsuite> <!-- Test_firefox -->
