<?xml version="1.0" encoding="UTF-8"?>
<!-- Generated by org.testng.reporters.JUnitXMLReporter -->
<testsuite ignored="2" hostname="JAMUNA-NAGARAJ" failures="0" tests="1" name="Test_chrome(failed)" time="18.963" errors="0" timestamp="2025-03-21T20:25:30 IST">
  <testcase classname="CampaignTest.CreateCampaign" name="createCampaignWithCloseDateTest" time="18.878"/>
  <testcase classname="CampaignTest.CreateCampaign" name="createCampaignWIthMandatoryFieldsTest" time="0.0">
    <ignored/>
  </testcase> <!-- createCampaignWIthMandatoryFieldsTest -->
  <testcase classname="CampaignTest.CreateCampaign" name="createCampaignWithAllFieldsTest" time="0.0">
    <ignored/>
  </testcase> <!-- createCampaignWithAllFieldsTest -->
</testsuite> <!-- Test_chrome(failed) -->
